WCCILevent   (0), 2024.08.05 10:38:48.054, SYS,  INFO,        1, Manager Start, PROJ, TL-Roman, V 3.16 - 3.16   platform Windows AMD64 linked at Sep 16 2020 09:22:38 (0bebb1b315d)
WCCILevent   (0), 2024.08.05 10:38:48.070, SYS,  INFO,      108, License information, Host information
Hostname:   ARM-serv-imitator
HW-code:    40025478002
HW-version: 31600002

WCCILevent   (0), 2024.08.05 10:38:48.073, SYS,  SEVERE,    105, Invalid license, Demo license found
WCCILevent   (0), 2024.08.05 10:38:48.077, SYS,  INFO,      108, License information, Using license file C:\Siemens\Automation\WinCC_OA\3.16\shield

WCCILevent   (0), 2024.08.05 10:38:48.116, SYS,  INFO,        3, Trying to connect to (SYS: 0 Data -num 0 CONN: 1) @ localhost:4897
WCCILevent   (0), 2024.08.05 10:38:48.121, SYS,  INFO,        4, Connected to (SYS: 0 Data -num 0 CONN: 1) @ ARM-serv-imitator (::1)
WCCILevent   (0), 2024.08.05 10:38:48.127, PARAM,SEVERE,     71, DP does not exist, _Connections.Event.ManNums:_original.._value
WCCILevent   (0), 2024.08.05 10:38:48.127, PARAM,SEVERE,     71, DP does not exist, _Connections.Event.StartTimes:_original.._value
WCCILevent   (0), 2024.08.05 10:38:48.128, PARAM,SEVERE,     71, DP does not exist, _Connections.Event.HostNames:_original.._value
WCCILevent   (0), 2024.08.05 10:38:48.128, PARAM,SEVERE,     71, DP does not exist, _Connections.Driver.ManNums:_original.._value
WCCILevent   (0), 2024.08.05 10:38:48.128, PARAM,SEVERE,     71, DP does not exist, _Connections.Driver.StartTimes:_original.._value
WCCILevent   (0), 2024.08.05 10:38:48.128, PARAM,SEVERE,     71, DP does not exist, _Connections.Driver.HostNames:_original.._value
WCCILevent   (0), 2024.08.05 10:38:48.128, PARAM,SEVERE,     71, DP does not exist, _Connections.Data.ManNums:_original.._value
WCCILevent   (0), 2024.08.05 10:38:48.128, PARAM,SEVERE,     71, DP does not exist, _Connections.Data.StartTimes:_original.._value
WCCILevent   (0), 2024.08.05 10:38:48.128, PARAM,SEVERE,     71, DP does not exist, _Connections.Data.HostNames:_original.._value
WCCILevent   (0), 2024.08.05 10:38:48.128, PARAM,SEVERE,     71, DP does not exist, _Connections.Ui.ManNums:_original.._value
WCCILevent   (0), 2024.08.05 10:38:48.128, PARAM,SEVERE,     71, DP does not exist, _Connections.Ui.StartTimes:_original.._value
WCCILevent   (0), 2024.08.05 10:38:48.128, PARAM,SEVERE,     71, DP does not exist, _Connections.Ui.HostNames:_original.._value
WCCILevent   (0), 2024.08.05 10:38:48.128, PARAM,SEVERE,     71, DP does not exist, _Connections.Ctrl.ManNums:_original.._value
WCCILevent   (0), 2024.08.05 10:38:48.128, PARAM,SEVERE,     71, DP does not exist, _Connections.Ctrl.StartTimes:_original.._value
WCCILevent   (0), 2024.08.05 10:38:48.128, PARAM,SEVERE,     71, DP does not exist, _Connections.Ctrl.HostNames:_original.._value
WCCILevent   (0), 2024.08.05 10:38:48.128, PARAM,SEVERE,     71, DP does not exist, _Connections.Ascii.ManNums:_original.._value
WCCILevent   (0), 2024.08.05 10:38:48.128, PARAM,SEVERE,     71, DP does not exist, _Connections.Ascii.StartTimes:_original.._value
WCCILevent   (0), 2024.08.05 10:38:48.128, PARAM,SEVERE,     71, DP does not exist, _Connections.Ascii.HostNames:_original.._value
WCCILevent   (0), 2024.08.05 10:38:48.129, PARAM,SEVERE,     71, DP does not exist, _Connections.Api.ManNums:_original.._value
WCCILevent   (0), 2024.08.05 10:38:48.129, PARAM,SEVERE,     71, DP does not exist, _Connections.Api.StartTimes:_original.._value
WCCILevent   (0), 2024.08.05 10:38:48.129, PARAM,SEVERE,     71, DP does not exist, _Connections.Api.HostNames:_original.._value
WCCILevent   (0), 2024.08.05 10:38:48.129, PARAM,SEVERE,     71, DP does not exist, _Connections.Device.ManNums:_original.._value
WCCILevent   (0), 2024.08.05 10:38:48.129, PARAM,SEVERE,     71, DP does not exist, _Connections.Device.StartTimes:_original.._value
WCCILevent   (0), 2024.08.05 10:38:48.129, PARAM,SEVERE,     71, DP does not exist, _Connections.Device.HostNames:_original.._value
WCCILevent   (0), 2024.08.05 10:38:48.129, PARAM,SEVERE,     71, DP does not exist, _Connections.Redu.ManNums:_original.._value
WCCILevent   (0), 2024.08.05 10:38:48.129, PARAM,SEVERE,     71, DP does not exist, _Connections.Redu.StartTimes:_original.._value
WCCILevent   (0), 2024.08.05 10:38:48.129, PARAM,SEVERE,     71, DP does not exist, _Connections.Redu.HostNames:_original.._value
WCCILevent   (0), 2024.08.05 10:38:48.129, PARAM,SEVERE,     71, DP does not exist, _Connections.Report.ManNums:_original.._value
WCCILevent   (0), 2024.08.05 10:38:48.129, PARAM,SEVERE,     71, DP does not exist, _Connections.Report.StartTimes:_original.._value
WCCILevent   (0), 2024.08.05 10:38:48.129, PARAM,SEVERE,     71, DP does not exist, _Connections.Report.HostNames:_original.._value
WCCILevent   (0), 2024.08.05 10:38:48.129, PARAM,SEVERE,     71, DP does not exist, _Connections.Dde.ManNums:_original.._value
WCCILevent   (0), 2024.08.05 10:38:48.130, PARAM,SEVERE,     71, DP does not exist, _Connections.Dde.StartTimes:_original.._value
WCCILevent   (0), 2024.08.05 10:38:48.130, PARAM,SEVERE,     71, DP does not exist, _Connections.Dde.HostNames:_original.._value
WCCILevent   (0), 2024.08.05 10:38:48.130, PARAM,SEVERE,     71, DP does not exist, _Connections.Dist.ManNums:_original.._value
WCCILevent   (0), 2024.08.05 10:38:48.130, PARAM,SEVERE,     71, DP does not exist, _Connections.Dist.StartTimes:_original.._value
WCCILevent   (0), 2024.08.05 10:38:48.130, PARAM,SEVERE,     71, DP does not exist, _Connections.Dist.HostNames:_original.._value
WCCILevent   (0), 2024.08.05 10:38:48.132, SYS,  SEVERE,    105, Invalid license, Demo license found
WCCILevent   (0), 2024.08.05 10:38:48.145, SYS,  INFO,        6, Initialization by Data Manager finished
WCCILevent   (0), 2024.08.05 10:38:48.145, SYS,  INFO,      169, Initialize 0 dp-functions
WCCILevent   (0), 2024.08.05 10:38:48.145, SYS,  INFO,      168, Initialize 0 alerts
WCCILevent   (0), 2024.08.05 10:38:48.145, PARAM,WARNING,     7, Datapoint does not exist, EvFixedLicenses, EvFixedLicenses, _Event.License.FixedShield
WCCILevent   (0), 2024.08.05 10:38:48.146, PARAM,WARNING,     7, Datapoint does not exist, UserTable, UserTable, _Users.UserId
WCCILevent   (0), 2024.08.05 10:38:48.147, PARAM,WARNING,     7, Datapoint does not exist, ManagerTable, ManagerTable, _Managers.Auth.ManType
WCCILevent   (0), 2024.08.05 10:38:48.147, PARAM,WARNING,     7, Datapoint does not exist, EventManager, doDpConnect, _System.Auth.DpType:_original.._value
WCCILevent   (0), 2024.08.05 10:38:48.147, PARAM,WARNING,     7, Datapoint does not exist, EventManager, doDpConnect, _System.Auth.Dp:_original.._value
WCCILevent   (0), 2024.08.05 10:38:48.147, PARAM,WARNING,     7, Datapoint does not exist, EventManager, doDpConnect, _System.Auth.DpAuth:_original.._value
WCCILevent   (0), 2024.08.05 10:38:48.147, PARAM,WARNING,     7, Datapoint does not exist, EventManager, doDpConnect, _System.Auth.DpAlias:_original.._value
WCCILevent   (0), 2024.08.05 10:38:48.147, PARAM,WARNING,     7, Datapoint does not exist, EventManager, dpDpConnect, _Event.ReadLicense
WCCILevent   (0), 2024.08.05 10:38:48.147, PARAM,WARNING,     8, Element does not exist, EventManager, doDpConnect, _Managers.Exit
WCCILevent   (0), 2024.08.05 10:38:48.147, PARAM,WARNING,     8, Element does not exist, EventManager, doDpConnect, _Managers.Refresh
WCCILevent   (0), 2024.08.05 10:38:48.147, PARAM,WARNING,     7, Datapoint does not exist, EventManager, evMain, _Event.License.ExpirationCnt
WCCILevent   (0), 2024.08.05 10:38:48.147, PARAM,WARNING,     7, Datapoint does not exist, EventManager, evMain, _Event.License.RemainingTime
WCCILevent   (0), 2024.08.05 10:38:48.147, PARAM,WARNING,     7, Datapoint does not exist, EventManager, evMain, _Event.License.alm.isRTILInvalid:_original.._value
WCCILevent   (0), 2024.08.05 10:38:48.147, PARAM,WARNING,     7, Datapoint does not exist, EventManager, evMain, _Event.License.alm.isPVSSInvalid:_original.._value
WCCILevent   (0), 2024.08.05 10:38:48.147, PARAM,WARNING,     7, Datapoint does not exist, EventManager, evMain, _Event.License.alm.shield:_original.._value
WCCILevent   (0), 2024.08.05 10:38:48.147, SYS,  SEVERE,    105, Invalid license, Eventmanager will shutdown after the demo period of 5184000 seconds
WCCILevent   (0), 2024.08.05 10:38:48.367, SYS,  WARNING,   105, Invalid license, Demo license found, Running as demo version, driver
WCCILevent   (0), 2024.08.05 10:38:48.368, SYS,  INFO,        4, Connected to (SYS: 1 Driver -num 1 CONN: 1) @ ARM-serv-imitator (::1)
WCCILevent   (0), 2024.08.05 10:38:48.691, SYS,  WARNING,   105, Invalid license, Demo license found, Running as demo version, ascii
WCCILevent   (0), 2024.08.05 10:38:48.692, SYS,  INFO,        4, Connected to (SYS: 1 Ascii -num 1 CONN: 1) @ ARM-serv-imitator (::1)
WCCILevent   (0), 2024.08.05 10:38:49.075, SYS,  WARNING,    39, Connection lost, MAN: (SYS: 1 Ascii -num 1 CONN: 1), Connection reset by peer (10054)
WCCILevent   (0), 2024.08.05 10:38:49.322, SYS,  WARNING,   105, Invalid license, Demo license found, Running as demo version, ascii
WCCILevent   (0), 2024.08.05 10:38:49.323, SYS,  INFO,        4, Connected to (SYS: 1 Ascii -num 1 CONN: 1) @ ARM-serv-imitator (::1)
WCCILevent   (0), 2024.08.05 10:38:49.328, SYS,  INFO,        1/event, <Error description text missing in event.cat message catalog>, MAN: (SYS: 1 Ascii -num 1 CONN: 1), 3, 227
WCCILevent   (0), 2024.08.05 10:38:49.762, SYS,  WARNING,    39, Connection lost, MAN: (SYS: 1 Ascii -num 1 CONN: 1), Connection reset by peer (10054)
WCCILevent   (0), 2024.08.05 10:38:49.958, SYS,  WARNING,   105, Invalid license, Demo license found, Running as demo version, ascii
WCCILevent   (0), 2024.08.05 10:38:49.959, SYS,  INFO,        4, Connected to (SYS: 1 Ascii -num 1 CONN: 1) @ ARM-serv-imitator (::1)
WCCILevent   (0), 2024.08.05 10:38:49.960, SYS,  INFO,        1/event, <Error description text missing in event.cat message catalog>, MAN: (SYS: 1 Ascii -num 1 CONN: 1), 2, 468
WCCILevent   (0), 2024.08.05 10:39:17.097, SYS,  WARNING,    39, Connection lost, MAN: (SYS: 1 Ascii -num 1 CONN: 1), Connection reset by peer (10054)
WCCILevent   (0), 2024.08.05 10:39:17.149, SYS,  INFO,       39, Connection lost, MAN: (SYS: 1 Driver -num 1 CONN: 1), Connection closed
WCCILevent   (0), 2024.08.05 10:39:17.215, SYS,  INFO,        2, Manager Stop, received signal 15, exiting
WCCILevent   (0), 2024.08.05 10:39:17.260, SYS,  INFO,        2, Manager Stop, start cleanup
WCCILevent   (0), 2024.08.05 10:39:17.261, SYS,  INFO,      181, Closing connection to (SYS: 1 Data -num 0 CONN: 1)
WCCILevent   (0), 2024.08.05 10:39:17.261, SYS,  INFO,       39, Connection lost, MAN: (SYS: 1 Data -num 0 CONN: 1), Connection closed
WCCILevent   (0), 2024.08.05 10:39:17.274, SYS,  INFO,        2, Manager Stop
