WCCILsim     (1), 2024.08.05 10:38:48.331, SYS,  INFO,        1, Manager Start, PROJ, TL-Roman, V 3.16 - 3.16   platform Windows AMD64 linked at Sep 16 2020 09:22:38 (0bebb1b315d)
WCCILsim     (1), 2024.08.05 10:38:48.342, SYS,  INFO,        3, Trying to connect to (SYS: 0 Data -num 0 CONN: 1) @ localhost:4897
WCCILsim     (1), 2024.08.05 10:38:48.345, SYS,  INFO,        4, Connected to (SYS: 0 Data -num 0 CONN: 1) @ ARM-serv-imitator (::1)
WCCILsim     (1), 2024.08.05 10:38:48.347, PARAM,SEVERE,     71, DP does not exist, _Stat_Configs_driver_1._address:_original.._value
WCCILsim     (1), 2024.08.05 10:38:48.348, PARAM,SEVERE,     71, DP does not exist, _Stat_Configs_driver_1._cmd_conv:_original.._value
WCCILsim     (1), 2024.08.05 10:38:48.348, PARAM,SEVERE,     71, DP does not exist, _Stat_Configs_driver_1._msg_conv:_original.._value
WCCILsim     (1), 2024.08.05 10:38:48.348, PARAM,SEVERE,     71, DP does not exist, _Stat_Configs_driver_1._smooth:_original.._value
WCCILsim     (1), 2024.08.05 10:38:48.348, PARAM,SEVERE,     71, DP does not exist, _Stat_Configs_Refresh.SecsToRefresh:_original.._value
WCCILsim     (1), 2024.08.05 10:38:48.363, SYS,  INFO,        6, Initialization by Data Manager finished
WCCILsim     (1), 2024.08.05 10:38:48.364, SYS,  INFO,        3, Trying to connect to (SYS: 1 Event -num 0 CONN: 1) @ localhost:4998
WCCILsim     (1), 2024.08.05 10:38:48.365, SYS,  INFO,        4, Connected to (SYS: 1 Event -num 0 CONN: 1) @ ARM-serv-imitator (::1)
WCCILsim     (1), 2024.08.05 10:38:48.371, SYS,  SEVERE,    105, Invalid license, Driver will shutdown after the demo period of 5184000 seconds
WCCILsim     (1), 2024.08.05 10:38:48.372, SYS,  INFO,      156, Driver initialization finished.
WCCILsim     (1), 2024.08.05 10:38:48.372, PARAM,WARNING,    54, Unexpected state, Cannot get DPID for _Driver1.AL.AClasses:_original.._value
WCCILsim     (1), 2024.08.05 10:38:48.372, PARAM,WARNING,    54, Unexpected state, Cannot get DPID for _Driver1.AL.AckDps:_original.._value
WCCILsim     (1), 2024.08.05 10:38:48.372, PARAM,WARNING,    54, Unexpected state, Cannot get DPID for _Driver1.AL.AckData:_original.._value
WCCILsim     (1), 2024.08.05 10:38:48.395, PARAM,WARNING,    90, DP attribute was connected twice, DP: (Type: 0 Sys: 1 Dp: 0 El: 0 : ..)
WCCILsim     (1), 2024.08.05 10:38:48.395, PARAM,WARNING,    54, Unexpected state, AlertDrvIntDp, dpReady, dpConnect failed to Ack DPs
WCCILsim     (1), 2024.08.05 10:39:17.103, SYS,  INFO,      170, Signal SIGTERM received - exiting ...
WCCILsim     (1), 2024.08.05 10:39:17.148, SYS,  INFO,      181, Closing connection to (SYS: 1 Data -num 0 CONN: 1)
WCCILsim     (1), 2024.08.05 10:39:17.148, SYS,  INFO,      181, Closing connection to (SYS: 1 Event -num 0 CONN: 1)
WCCILsim     (1), 2024.08.05 10:39:17.149, SYS,  INFO,       39, Connection lost, MAN: (SYS: 1 Data -num 0 CONN: 1), Connection closed
WCCILsim     (1), 2024.08.05 10:39:17.149, SYS,  INFO,       39, Connection lost, MAN: (SYS: 1 Event -num 0 CONN: 1), Connection closed
WCCILsim     (1), 2024.08.05 10:39:17.180, SYS,  INFO,        2, Manager Stop
