WCCILsim     (1), 2024.06.27 11:40:41.031, SYS,  INFO,        1, Manager Start, PROJ, SvetaFore, V 3.16 - 3.16   platform Windows AMD64 linked at Sep 16 2020 09:22:38 (0bebb1b315d)
WCCILsim     (1), 2024.06.27 11:40:41.033, SYS,  INFO,        3, Trying to connect to (SYS: 0 Data -num 0 CONN: 1) @ localhost:4897
WCCILsim     (1), 2024.06.27 11:40:41.034, SYS,  INFO,        4, Connected to (SYS: 0 Data -num 0 CONN: 1) @ asutp-056 (::1)
WCCILsim     (1), 2024.06.27 11:40:41.035, PARAM,SEVERE,     71, DP does not exist, _Stat_Configs_driver_1._address:_original.._value
WCCILsim     (1), 2024.06.27 11:40:41.035, PARAM,SEVERE,     71, DP does not exist, _Stat_Configs_driver_1._cmd_conv:_original.._value
WCCILsim     (1), 2024.06.27 11:40:41.035, PARAM,SEVERE,     71, DP does not exist, _Stat_Configs_driver_1._msg_conv:_original.._value
WCCILsim     (1), 2024.06.27 11:40:41.035, PARAM,SEVERE,     71, DP does not exist, _Stat_Configs_driver_1._smooth:_original.._value
WCCILsim     (1), 2024.06.27 11:40:41.035, PARAM,SEVERE,     71, DP does not exist, _Stat_Configs_Refresh.SecsToRefresh:_original.._value
WCCILsim     (1), 2024.06.27 11:40:41.061, SYS,  INFO,        6, Initialization by Data Manager finished
WCCILsim     (1), 2024.06.27 11:40:41.062, SYS,  INFO,        3, Trying to connect to (SYS: 1 Event -num 0 CONN: 1) @ localhost:4998
WCCILsim     (1), 2024.06.27 11:40:41.077, SYS,  INFO,        4, Connected to (SYS: 1 Event -num 0 CONN: 1) @ asutp-056 (::1)
WCCILsim     (1), 2024.06.27 11:40:41.080, SYS,  SEVERE,    105, Invalid license, Driver will shutdown after the demo period of 5184000 seconds
WCCILsim     (1), 2024.06.27 11:40:41.080, SYS,  INFO,      156, Driver initialization finished.
WCCILsim     (1), 2024.06.27 11:40:41.080, PARAM,WARNING,    54, Unexpected state, Cannot get DPID for _Driver1.AL.AClasses:_original.._value
WCCILsim     (1), 2024.06.27 11:40:41.080, PARAM,WARNING,    54, Unexpected state, Cannot get DPID for _Driver1.AL.AckDps:_original.._value
WCCILsim     (1), 2024.06.27 11:40:41.080, PARAM,WARNING,    54, Unexpected state, Cannot get DPID for _Driver1.AL.AckData:_original.._value
WCCILsim     (1), 2024.06.27 11:40:41.093, PARAM,WARNING,    90, DP attribute was connected twice, DP: (Type: 0 Sys: 1 Dp: 0 El: 0 : ..)
WCCILsim     (1), 2024.06.27 11:40:41.093, PARAM,WARNING,    54, Unexpected state, AlertDrvIntDp, dpReady, dpConnect failed to Ack DPs
WCCILsim     (1), 2024.06.27 11:41:08.422, SYS,  INFO,      170, Signal SIGTERM received - exiting ...
WCCILsim     (1), 2024.06.27 11:41:08.459, SYS,  INFO,      181, Closing connection to (SYS: 1 Data -num 0 CONN: 1)
WCCILsim     (1), 2024.06.27 11:41:08.459, SYS,  INFO,      181, Closing connection to (SYS: 1 Event -num 0 CONN: 1)
WCCILsim     (1), 2024.06.27 11:41:08.460, SYS,  INFO,       39, Connection lost, MAN: (SYS: 1 Data -num 0 CONN: 1), Connection closed
WCCILsim     (1), 2024.06.27 11:41:08.461, SYS,  INFO,       39, Connection lost, MAN: (SYS: 1 Event -num 0 CONN: 1), Connection closed
WCCILsim     (1), 2024.06.27 11:41:08.472, SYS,  INFO,        2, Manager Stop
